<?xml version="1.0" encoding="UTF-8"?>
<testsuite xmlns:xsi="http://www.w3.org/2001/XMLSchema-instance" xsi:noNamespaceSchemaLocation="https://maven.apache.org/surefire/maven-surefire-plugin/xsd/surefire-test-report.xsd" name="test.TestJUnitTalentContest" time="1.004" tests="1" errors="1" skipped="0" failures="0">
  <properties>
[...]
</properties>
  <testcase name="testJuggler" classname="test.TestJUnitTalentContest" time="0.095">
    <error message="com.sun.proxy.$Proxy33 cannot be cast to competitors.Juggler" type="java.lang.ClassCastException">java.lang.ClassCastException: com.sun.proxy.$Proxy33 cannot be cast to competitors.Juggler
	at test.TestJUnitTalentContest.testJuggler(TestJUnitTalentContest.java:42)
</error>
    <system-out><![CDATA[19:17:33 [main] INFO  org.springframework.test.context.support.DefaultTestContextBootstrapper - Loaded default TestExecutionListener class names from location [META-INF/spring.factories]: [org.springframework.test.context.web.ServletTestExecutionListener, org.springframework.test.context.support.DirtiesContextBeforeModesTestExecutionListener, org.springframework.test.context.support.DependencyInjectionTestExecutionListener, org.springframework.test.context.support.DirtiesContextTestExecutionListener, org.springframework.test.context.transaction.TransactionalTestExecutionListener, org.springframework.test.context.jdbc.SqlScriptsTestExecutionListener]
19:17:33 [main] INFO  org.springframework.test.context.support.DefaultTestContextBootstrapper - Using TestExecutionListeners: [org.springframework.test.context.support.DirtiesContextBeforeModesTestExecutionListener@53976f5c, org.springframework.test.context.support.DependencyInjectionTestExecutionListener@2bfc268b, org.springframework.test.context.support.DirtiesContextTestExecutionListener@2f8dad04]
19:17:34 [main] INFO   - Starting Spring Framework
19:17:34 [main] INFO   - getting the first Competitor
19:17:34 [main] INFO   - Start executing Juggler
The show is about to start, please take a seat...
Please turn off cell phones...
juggling 10 balls
The show is over, clap clap clap
]]></system-out>
  </testcase>
</testsuite>